<?xml version="1.0" encoding="UTF-8"?>
<testsuite xmlns:xsi="http://www.w3.org/2001/XMLSchema-instance" xsi:noNamespaceSchemaLocation="https://maven.apache.org/surefire/maven-surefire-plugin/xsd/surefire-test-report.xsd" name="Cucumber.Options.TestRunner" time="5.882" tests="5" errors="0" skipped="0" failures="0">
  <properties>
[...]
</properties>
  <testcase name="Given DeletePlace payload" classname="Scenario: Verify if delete place functionality is working" time="0.002"/>
  <testcase name="When user calls &quot;DeletePlaceAPI&quot; with &quot;Post&quot; HTTP request" classname="Scenario: Verify if delete place functionality is working" time="0"/>
  <testcase name="Then the API call got success with status code 200" classname="Scenario: Verify if delete place functionality is working" time="0"/>
  <testcase name="And &quot;status&quot; response body is &quot;OK&quot;" classname="Scenario: Verify if delete place functionality is working" time="0"/>
  <testcase name="Scenario: Verify if delete place functionality is working" classname="Scenario: Verify if delete place functionality is working" time="0"/>
</testsuite>